Analysis & Synthesis report for top_level
Tue Feb 27 09:54:02 2024
Quartus Prime Version 20.1.0 Build 711 06/05/2020 SJ Lite Edition


---------------------
; Table of Contents ;
---------------------
  1. Legal Notice
  2. Analysis & Synthesis Summary
  3. Analysis & Synthesis Settings
  4. Parallel Compilation
  5. Analysis & Synthesis Source Files Read
  6. Analysis & Synthesis Resource Usage Summary
  7. Analysis & Synthesis Resource Utilization by Entity
  8. State Machine - |top_level|serial_uart:uart|tx_state
  9. State Machine - |top_level|serial_uart:uart|rx_state
 10. Registers Removed During Synthesis
 11. Removed Registers Triggering Further Register Optimizations
 12. General Register Statistics
 13. Inverted Register Statistics
 14. Multiplexer Restructuring Statistics (Restructuring Performed)
 15. Parameter Settings for User Entity Instance: serial_uart:uart
 16. Port Connectivity Checks: "serial_uart:uart"
 17. Post-Synthesis Netlist Statistics for Top Partition
 18. Elapsed Time Per Partition
 19. Analysis & Synthesis Messages



----------------
; Legal Notice ;
----------------
Copyright (C) 2020  Intel Corporation. All rights reserved.
Your use of Intel Corporation's design tools, logic functions 
and other software and tools, and any partner logic 
functions, and any output files from any of the foregoing 
(including device programming or simulation files), and any 
associated documentation or information are expressly subject 
to the terms and conditions of the Intel Program License 
Subscription Agreement, the Intel Quartus Prime License Agreement,
the Intel FPGA IP License Agreement, or other applicable license
agreement, including, without limitation, that your use is for
the sole purpose of programming logic devices manufactured by
Intel and sold by Intel or its authorized distributors.  Please
refer to the applicable agreement for further details, at
https://fpgasoftware.intel.com/eula.



+-------------------------------------------------------------------------------+
; Analysis & Synthesis Summary                                                  ;
+---------------------------------+---------------------------------------------+
; Analysis & Synthesis Status     ; Successful - Tue Feb 27 09:54:02 2024       ;
; Quartus Prime Version           ; 20.1.0 Build 711 06/05/2020 SJ Lite Edition ;
; Revision Name                   ; top_level                                   ;
; Top-level Entity Name           ; top_level                                   ;
; Family                          ; Cyclone V                                   ;
; Logic utilization (in ALMs)     ; N/A                                         ;
; Total registers                 ; 65                                          ;
; Total pins                      ; 20                                          ;
; Total virtual pins              ; 0                                           ;
; Total block memory bits         ; 0                                           ;
; Total DSP Blocks                ; 0                                           ;
; Total HSSI RX PCSs              ; 0                                           ;
; Total HSSI PMA RX Deserializers ; 0                                           ;
; Total HSSI TX PCSs              ; 0                                           ;
; Total HSSI PMA TX Serializers   ; 0                                           ;
; Total PLLs                      ; 0                                           ;
; Total DLLs                      ; 0                                           ;
+---------------------------------+---------------------------------------------+


+---------------------------------------------------------------------------------------------------------------------------+
; Analysis & Synthesis Settings                                                                                             ;
+---------------------------------------------------------------------------------+--------------------+--------------------+
; Option                                                                          ; Setting            ; Default Value      ;
+---------------------------------------------------------------------------------+--------------------+--------------------+
; Device                                                                          ; 5CSEMA5F31C6       ;                    ;
; Top-level entity name                                                           ; top_level          ; top_level          ;
; Family name                                                                     ; Cyclone V          ; Cyclone V          ;
; VHDL Show LMF Mapping Messages                                                  ; On                 ;                    ;
; Use smart compilation                                                           ; Off                ; Off                ;
; Enable parallel Assembler and Timing Analyzer during compilation                ; On                 ; On                 ;
; Enable compact report table                                                     ; Off                ; Off                ;
; Restructure Multiplexers                                                        ; Auto               ; Auto               ;
; MLAB Add Timing Constraints For Mixed-Port Feed-Through Mode Setting Don't Care ; Off                ; Off                ;
; Create Debugging Nodes for IP Cores                                             ; Off                ; Off                ;
; Preserve fewer node names                                                       ; On                 ; On                 ;
; Intel FPGA IP Evaluation Mode                                                   ; Enable             ; Enable             ;
; Verilog Version                                                                 ; Verilog_2001       ; Verilog_2001       ;
; VHDL Version                                                                    ; VHDL_1993          ; VHDL_1993          ;
; State Machine Processing                                                        ; Auto               ; Auto               ;
; Safe State Machine                                                              ; Off                ; Off                ;
; Extract Verilog State Machines                                                  ; On                 ; On                 ;
; Extract VHDL State Machines                                                     ; On                 ; On                 ;
; Ignore Verilog initial constructs                                               ; Off                ; Off                ;
; Iteration limit for constant Verilog loops                                      ; 5000               ; 5000               ;
; Iteration limit for non-constant Verilog loops                                  ; 250                ; 250                ;
; Add Pass-Through Logic to Inferred RAMs                                         ; On                 ; On                 ;
; Infer RAMs from Raw Logic                                                       ; On                 ; On                 ;
; Parallel Synthesis                                                              ; On                 ; On                 ;
; DSP Block Balancing                                                             ; Auto               ; Auto               ;
; NOT Gate Push-Back                                                              ; On                 ; On                 ;
; Power-Up Don't Care                                                             ; On                 ; On                 ;
; Remove Redundant Logic Cells                                                    ; Off                ; Off                ;
; Remove Duplicate Registers                                                      ; On                 ; On                 ;
; Ignore CARRY Buffers                                                            ; Off                ; Off                ;
; Ignore CASCADE Buffers                                                          ; Off                ; Off                ;
; Ignore GLOBAL Buffers                                                           ; Off                ; Off                ;
; Ignore ROW GLOBAL Buffers                                                       ; Off                ; Off                ;
; Ignore LCELL Buffers                                                            ; Off                ; Off                ;
; Ignore SOFT Buffers                                                             ; On                 ; On                 ;
; Limit AHDL Integers to 32 Bits                                                  ; Off                ; Off                ;
; Optimization Technique                                                          ; Balanced           ; Balanced           ;
; Carry Chain Length                                                              ; 70                 ; 70                 ;
; Auto Carry Chains                                                               ; On                 ; On                 ;
; Auto Open-Drain Pins                                                            ; On                 ; On                 ;
; Perform WYSIWYG Primitive Resynthesis                                           ; Off                ; Off                ;
; Auto ROM Replacement                                                            ; On                 ; On                 ;
; Auto RAM Replacement                                                            ; On                 ; On                 ;
; Auto DSP Block Replacement                                                      ; On                 ; On                 ;
; Auto Shift Register Replacement                                                 ; Auto               ; Auto               ;
; Allow Shift Register Merging across Hierarchies                                 ; Auto               ; Auto               ;
; Auto Clock Enable Replacement                                                   ; On                 ; On                 ;
; Strict RAM Replacement                                                          ; Off                ; Off                ;
; Allow Synchronous Control Signals                                               ; On                 ; On                 ;
; Force Use of Synchronous Clear Signals                                          ; Off                ; Off                ;
; Auto Resource Sharing                                                           ; Off                ; Off                ;
; Allow Any RAM Size For Recognition                                              ; Off                ; Off                ;
; Allow Any ROM Size For Recognition                                              ; Off                ; Off                ;
; Allow Any Shift Register Size For Recognition                                   ; Off                ; Off                ;
; Use LogicLock Constraints during Resource Balancing                             ; On                 ; On                 ;
; Ignore translate_off and synthesis_off directives                               ; Off                ; Off                ;
; Timing-Driven Synthesis                                                         ; On                 ; On                 ;
; Report Parameter Settings                                                       ; On                 ; On                 ;
; Report Source Assignments                                                       ; On                 ; On                 ;
; Report Connectivity Checks                                                      ; On                 ; On                 ;
; Ignore Maximum Fan-Out Assignments                                              ; Off                ; Off                ;
; Synchronization Register Chain Length                                           ; 3                  ; 3                  ;
; Power Optimization During Synthesis                                             ; Normal compilation ; Normal compilation ;
; HDL message level                                                               ; Level2             ; Level2             ;
; Suppress Register Optimization Related Messages                                 ; Off                ; Off                ;
; Number of Removed Registers Reported in Synthesis Report                        ; 5000               ; 5000               ;
; Number of Swept Nodes Reported in Synthesis Report                              ; 5000               ; 5000               ;
; Number of Inverted Registers Reported in Synthesis Report                       ; 100                ; 100                ;
; Clock MUX Protection                                                            ; On                 ; On                 ;
; Auto Gated Clock Conversion                                                     ; Off                ; Off                ;
; Block Design Naming                                                             ; Auto               ; Auto               ;
; SDC constraint protection                                                       ; Off                ; Off                ;
; Synthesis Effort                                                                ; Auto               ; Auto               ;
; Shift Register Replacement - Allow Asynchronous Clear Signal                    ; On                 ; On                 ;
; Pre-Mapping Resynthesis Optimization                                            ; Off                ; Off                ;
; Analysis & Synthesis Message Level                                              ; Medium             ; Medium             ;
; Disable Register Merging Across Hierarchies                                     ; Auto               ; Auto               ;
; Resource Aware Inference For Block RAM                                          ; On                 ; On                 ;
; Automatic Parallel Synthesis                                                    ; On                 ; On                 ;
; Partial Reconfiguration Bitstream ID                                            ; Off                ; Off                ;
+---------------------------------------------------------------------------------+--------------------+--------------------+


+------------------------------------------+
; Parallel Compilation                     ;
+----------------------------+-------------+
; Processors                 ; Number      ;
+----------------------------+-------------+
; Number detected on machine ; 16          ;
; Maximum allowed            ; 16          ;
;                            ;             ;
; Average used               ; 1.00        ;
; Maximum used               ; 16          ;
;                            ;             ;
; Usage by Processor         ; % Time Used ;
;     Processor 1            ; 100.0%      ;
;     Processors 2-16        ;   0.0%      ;
+----------------------------+-------------+


+-------------------------------------------------------------------------------------------------------------------------------------------------------+
; Analysis & Synthesis Source Files Read                                                                                                                ;
+----------------------------------+-----------------+-----------------+----------------------------------------------------------------------+---------+
; File Name with User-Entered Path ; Used in Netlist ; File Type       ; File Name with Absolute Path                                         ; Library ;
+----------------------------------+-----------------+-----------------+----------------------------------------------------------------------+---------+
; lab3.vhd                         ; yes             ; User VHDL File  ; C:/Users/nourn/OneDrive/Skrivbord/VHDL/lab5/lab3.vhd                 ;         ;
; serial_uart_rtl.vhd              ; yes             ; User VHDL File  ; C:/Users/nourn/OneDrive/Skrivbord/VHDL/lab5/serial_uart_rtl.vhd      ; work    ;
; top_level.vhd                    ; yes             ; User VHDL File  ; C:/Users/nourn/OneDrive/Skrivbord/VHDL/lab5/top_level.vhd            ; work    ;
; Display ASCII Number.vhd         ; yes             ; User VHDL File  ; C:/Users/nourn/OneDrive/Skrivbord/VHDL/lab5/Display ASCII Number.vhd ;         ;
+----------------------------------+-----------------+-----------------+----------------------------------------------------------------------+---------+


+------------------------------------------------------------------+
; Analysis & Synthesis Resource Usage Summary                      ;
+---------------------------------------------+--------------------+
; Resource                                    ; Usage              ;
+---------------------------------------------+--------------------+
; Estimate of Logic utilization (ALMs needed) ; 37                 ;
;                                             ;                    ;
; Combinational ALUT usage for logic          ; 63                 ;
;     -- 7 input functions                    ; 0                  ;
;     -- 6 input functions                    ; 9                  ;
;     -- 5 input functions                    ; 20                 ;
;     -- 4 input functions                    ; 5                  ;
;     -- <=3 input functions                  ; 29                 ;
;                                             ;                    ;
; Dedicated logic registers                   ; 65                 ;
;                                             ;                    ;
; I/O pins                                    ; 20                 ;
;                                             ;                    ;
; Total DSP Blocks                            ; 0                  ;
;                                             ;                    ;
; Maximum fan-out node                        ; clock_50_mhz~input ;
; Maximum fan-out                             ; 65                 ;
; Total fan-out                               ; 441                ;
; Average fan-out                             ; 2.63               ;
+---------------------------------------------+--------------------+


+----------------------------------------------------------------------------------------------------------------------------------------------------------------------------------------------------------------------------+
; Analysis & Synthesis Resource Utilization by Entity                                                                                                                                                                        ;
+-----------------------------------+---------------------+---------------------------+-------------------+------------+------+--------------+-----------------------------------------+----------------------+--------------+
; Compilation Hierarchy Node        ; Combinational ALUTs ; Dedicated Logic Registers ; Block Memory Bits ; DSP Blocks ; Pins ; Virtual Pins ; Full Hierarchy Name                     ; Entity Name          ; Library Name ;
+-----------------------------------+---------------------+---------------------------+-------------------+------------+------+--------------+-----------------------------------------+----------------------+--------------+
; |top_level                        ; 63 (0)              ; 65 (0)                    ; 0                 ; 0          ; 20   ; 0            ; |top_level                              ; top_level            ; work         ;
;    |display_ASCII_Number:display| ; 14 (14)             ; 15 (15)                   ; 0                 ; 0          ; 0    ; 0            ; |top_level|display_ASCII_Number:display ; display_ASCII_Number ; work         ;
;    |lab3:heartbit|                ; 7 (7)               ; 7 (7)                     ; 0                 ; 0          ; 0    ; 0            ; |top_level|lab3:heartbit                ; lab3                 ; work         ;
;    |serial_uart:uart|             ; 42 (42)             ; 43 (43)                   ; 0                 ; 0          ; 0    ; 0            ; |top_level|serial_uart:uart             ; serial_uart          ; work         ;
+-----------------------------------+---------------------+---------------------------+-------------------+------------+------+--------------+-----------------------------------------+----------------------+--------------+
Note: For table entries with two numbers listed, the numbers in parentheses indicate the number of resources of the given type used by the specific entity alone. The numbers listed outside of parentheses indicate the total resources of the given type used by the specific entity and all of its sub-entities in the hierarchy.


Encoding Type:  One-Hot
+------------------------------------------------------------------------------------------------------------------------------+
; State Machine - |top_level|serial_uart:uart|tx_state                                                                         ;
+----------------------+---------------------+-------------------+--------------------+----------------------+-----------------+
; Name                 ; tx_state.s_stop_bit ; tx_state.s_parity ; tx_state.s_tx_data ; tx_state.s_start_bit ; tx_state.s_idle ;
+----------------------+---------------------+-------------------+--------------------+----------------------+-----------------+
; tx_state.s_idle      ; 0                   ; 0                 ; 0                  ; 0                    ; 0               ;
; tx_state.s_start_bit ; 0                   ; 0                 ; 0                  ; 1                    ; 1               ;
; tx_state.s_tx_data   ; 0                   ; 0                 ; 1                  ; 0                    ; 1               ;
; tx_state.s_parity    ; 0                   ; 1                 ; 0                  ; 0                    ; 1               ;
; tx_state.s_stop_bit  ; 1                   ; 0                 ; 0                  ; 0                    ; 1               ;
+----------------------+---------------------+-------------------+--------------------+----------------------+-----------------+


Encoding Type:  One-Hot
+------------------------------------------------------------------------------------------------------+
; State Machine - |top_level|serial_uart:uart|rx_state                                                 ;
+---------------------+---------------------+-------------------+--------------------+-----------------+
; Name                ; rx_state.s_stop_bit ; rx_state.s_parity ; rx_state.s_rx_data ; rx_state.s_idle ;
+---------------------+---------------------+-------------------+--------------------+-----------------+
; rx_state.s_idle     ; 0                   ; 0                 ; 0                  ; 0               ;
; rx_state.s_rx_data  ; 0                   ; 0                 ; 1                  ; 1               ;
; rx_state.s_parity   ; 0                   ; 1                 ; 0                  ; 1               ;
; rx_state.s_stop_bit ; 1                   ; 0                 ; 0                  ; 1               ;
+---------------------+---------------------+-------------------+--------------------+-----------------+


+-----------------------------------------------------------------------------------------------+
; Registers Removed During Synthesis                                                            ;
+-----------------------------------------+-----------------------------------------------------+
; Register name                           ; Reason for Removal                                  ;
+-----------------------------------------+-----------------------------------------------------+
; display_ASCII_Number:display|nummber[3] ; Merged with display_ASCII_Number:display|nummber[0] ;
; lab3:heartbit|reset_n_2r                ; Merged with display_ASCII_Number:display|reset_n_2r ;
; lab3:heartbit|reset_n_r                 ; Merged with display_ASCII_Number:display|reset_n_r  ;
; serial_uart:uart|tx_bit_cnt_wrap        ; Lost fanout                                         ;
; serial_uart:uart|transmit_ready_int     ; Lost fanout                                         ;
; serial_uart:uart|tx_bit_no[0..2]        ; Lost fanout                                         ;
; serial_uart:uart|tx_bit_cnt[0..12]      ; Lost fanout                                         ;
; serial_uart:uart|tx_bit_cnt_en          ; Lost fanout                                         ;
; serial_uart:uart|tx_state.s_idle        ; Lost fanout                                         ;
; serial_uart:uart|tx_state.s_start_bit   ; Lost fanout                                         ;
; serial_uart:uart|tx_state.s_tx_data     ; Lost fanout                                         ;
; serial_uart:uart|tx_state.s_parity      ; Lost fanout                                         ;
; serial_uart:uart|tx_state.s_stop_bit    ; Lost fanout                                         ;
; serial_uart:uart|rx_state.s_parity      ; Stuck at GND due to stuck port data_in              ;
; Total Number of Removed Registers = 28  ;                                                     ;
+-----------------------------------------+-----------------------------------------------------+


+-----------------------------------------------------------------------------------------------------------------------------------+
; Removed Registers Triggering Further Register Optimizations                                                                       ;
+-------------------------------------+--------------------+------------------------------------------------------------------------+
; Register name                       ; Reason for Removal ; Registers Removed due to This Register                                 ;
+-------------------------------------+--------------------+------------------------------------------------------------------------+
; serial_uart:uart|tx_bit_cnt_wrap    ; Lost Fanouts       ; serial_uart:uart|tx_bit_cnt[7], serial_uart:uart|tx_bit_cnt[8],        ;
;                                     ;                    ; serial_uart:uart|tx_bit_cnt[9], serial_uart:uart|tx_bit_cnt[10],       ;
;                                     ;                    ; serial_uart:uart|tx_bit_cnt[11], serial_uart:uart|tx_bit_cnt[12],      ;
;                                     ;                    ; serial_uart:uart|tx_bit_cnt_en                                         ;
; serial_uart:uart|tx_bit_no[0]       ; Lost Fanouts       ; serial_uart:uart|tx_bit_no[1], serial_uart:uart|tx_bit_no[2],          ;
;                                     ;                    ; serial_uart:uart|tx_state.s_tx_data                                    ;
; serial_uart:uart|transmit_ready_int ; Lost Fanouts       ; serial_uart:uart|tx_state.s_idle, serial_uart:uart|tx_state.s_stop_bit ;
+-------------------------------------+--------------------+------------------------------------------------------------------------+


+------------------------------------------------------+
; General Register Statistics                          ;
+----------------------------------------------+-------+
; Statistic                                    ; Value ;
+----------------------------------------------+-------+
; Total registers                              ; 65    ;
; Number of registers using Synchronous Clear  ; 22    ;
; Number of registers using Synchronous Load   ; 0     ;
; Number of registers using Asynchronous Clear ; 13    ;
; Number of registers using Asynchronous Load  ; 0     ;
; Number of registers using Clock Enable       ; 21    ;
; Number of registers using Preset             ; 0     ;
+----------------------------------------------+-------+


+---------------------------------------------------+
; Inverted Register Statistics                      ;
+-----------------------------------------+---------+
; Inverted Register                       ; Fan out ;
+-----------------------------------------+---------+
; display_ASCII_Number:display|nummber[0] ; 2       ;
; display_ASCII_Number:display|nummber[1] ; 1       ;
; display_ASCII_Number:display|nummber[2] ; 1       ;
; display_ASCII_Number:display|nummber[4] ; 1       ;
; display_ASCII_Number:display|nummber[5] ; 1       ;
; display_ASCII_Number:display|nummber[6] ; 1       ;
; Total number of inverted registers = 6  ;         ;
+-----------------------------------------+---------+


+------------------------------------------------------------------------------------------------------------------------------------------------------------+
; Multiplexer Restructuring Statistics (Restructuring Performed)                                                                                             ;
+--------------------+-----------+---------------+----------------------+------------------------+------------+----------------------------------------------+
; Multiplexer Inputs ; Bus Width ; Baseline Area ; Area if Restructured ; Saving if Restructured ; Registered ; Example Multiplexer Output                   ;
+--------------------+-----------+---------------+----------------------+------------------------+------------+----------------------------------------------+
; 3:1                ; 13 bits   ; 26 LEs        ; 0 LEs                ; 26 LEs                 ; Yes        ; |top_level|serial_uart:uart|tx_bit_cnt[2]    ;
; 3:1                ; 13 bits   ; 26 LEs        ; 0 LEs                ; 26 LEs                 ; Yes        ; |top_level|serial_uart:uart|rx_bit_cnt[0]    ;
; 3:1                ; 8 bits    ; 16 LEs        ; 0 LEs                ; 16 LEs                 ; Yes        ; |top_level|serial_uart:uart|received_data[7] ;
+--------------------+-----------+---------------+----------------------+------------------------+------------+----------------------------------------------+


+---------------------------------------------------------------+
; Parameter Settings for User Entity Instance: serial_uart:uart ;
+----------------------+-------+--------------------------------+
; Parameter Name       ; Value ; Type                           ;
+----------------------+-------+--------------------------------+
; g_reset_active_state ; '1'   ; Enumerated                     ;
; g_serial_speed_bps   ; 9600  ; Signed Integer                 ;
; g_clk_period_ns      ; 20    ; Signed Integer                 ;
; g_parity             ; 0     ; Signed Integer                 ;
+----------------------+-------+--------------------------------+
Note: In order to hide this table in the UI and the text report file, please set the "Show Parameter Settings in Synthesis Report" option in "Analysis and Synthesis Settings -> More Settings" to "Off".


+---------------------------------------------------------------------------------------------------------------------------------+
; Port Connectivity Checks: "serial_uart:uart"                                                                                    ;
+-----------------------+--------+----------+-------------------------------------------------------------------------------------+
; Port                  ; Type   ; Severity ; Details                                                                             ;
+-----------------------+--------+----------+-------------------------------------------------------------------------------------+
; tx                    ; Output ; Info     ; Connected to dangling logic. Logic that only feeds a dangling port will be removed. ;
; received_parity_error ; Output ; Info     ; Connected to dangling logic. Logic that only feeds a dangling port will be removed. ;
; transmit_ready        ; Output ; Info     ; Connected to dangling logic. Logic that only feeds a dangling port will be removed. ;
; transmit_data_valid   ; Input  ; Info     ; Stuck at VCC                                                                        ;
; transmit_data         ; Input  ; Info     ; Stuck at GND                                                                        ;
+-----------------------+--------+----------+-------------------------------------------------------------------------------------+


+-----------------------------------------------------+
; Post-Synthesis Netlist Statistics for Top Partition ;
+-----------------------+-----------------------------+
; Type                  ; Count                       ;
+-----------------------+-----------------------------+
; arriav_ff             ; 65                          ;
;     CLR               ; 7                           ;
;     ENA               ; 7                           ;
;     ENA CLR           ; 6                           ;
;     ENA SCLR          ; 8                           ;
;     SCLR              ; 14                          ;
;     plain             ; 23                          ;
; arriav_lcell_comb     ; 64                          ;
;     arith             ; 13                          ;
;         1 data inputs ; 13                          ;
;     normal            ; 51                          ;
;         0 data inputs ; 1                           ;
;         1 data inputs ; 9                           ;
;         2 data inputs ; 3                           ;
;         3 data inputs ; 4                           ;
;         4 data inputs ; 5                           ;
;         5 data inputs ; 20                          ;
;         6 data inputs ; 9                           ;
; boundary_port         ; 20                          ;
;                       ;                             ;
; Max LUT depth         ; 2.20                        ;
; Average LUT depth     ; 1.32                        ;
+-----------------------+-----------------------------+


+-------------------------------+
; Elapsed Time Per Partition    ;
+----------------+--------------+
; Partition Name ; Elapsed Time ;
+----------------+--------------+
; Top            ; 00:00:00     ;
+----------------+--------------+


+-------------------------------+
; Analysis & Synthesis Messages ;
+-------------------------------+
Info: *******************************************************************
Info: Running Quartus Prime Analysis & Synthesis
    Info: Version 20.1.0 Build 711 06/05/2020 SJ Lite Edition
    Info: Processing started: Tue Feb 27 09:53:55 2024
Info: Command: quartus_map --read_settings_files=on --write_settings_files=off lab5 -c top_level
Warning (18236): Number of processors has not been specified which may cause overloading on shared machines.  Set the global assignment NUM_PARALLEL_PROCESSORS in your QSF to an appropriate value for best performance.
Info (20030): Parallel compilation is enabled and will use 16 of the 16 processors detected
Info (12021): Found 2 design units, including 1 entities, in source file lab3.vhd
    Info (12022): Found design unit 1: lab3-rtl File: C:/Users/nourn/OneDrive/Skrivbord/VHDL/lab5/lab3.vhd Line: 15
    Info (12023): Found entity 1: lab3 File: C:/Users/nourn/OneDrive/Skrivbord/VHDL/lab5/lab3.vhd Line: 5
Info (12021): Found 2 design units, including 1 entities, in source file serial_uart_rtl.vhd
    Info (12022): Found design unit 1: serial_uart-rtl File: C:/Users/nourn/OneDrive/Skrivbord/VHDL/lab5/serial_uart_rtl.vhd Line: 43
    Info (12023): Found entity 1: serial_uart File: C:/Users/nourn/OneDrive/Skrivbord/VHDL/lab5/serial_uart_rtl.vhd Line: 21
Info (12021): Found 2 design units, including 1 entities, in source file top_level.vhd
    Info (12022): Found design unit 1: top_level-str File: C:/Users/nourn/OneDrive/Skrivbord/VHDL/lab5/top_level.vhd Line: 16
    Info (12023): Found entity 1: top_level File: C:/Users/nourn/OneDrive/Skrivbord/VHDL/lab5/top_level.vhd Line: 6
Info (12021): Found 2 design units, including 1 entities, in source file display ascii number.vhd
    Info (12022): Found design unit 1: display_ASCII_Number-rtl File: C:/Users/nourn/OneDrive/Skrivbord/VHDL/lab5/Display ASCII Number.vhd Line: 17
    Info (12023): Found entity 1: display_ASCII_Number File: C:/Users/nourn/OneDrive/Skrivbord/VHDL/lab5/Display ASCII Number.vhd Line: 5
Info (12127): Elaborating entity "top_level" for the top level hierarchy
Info (12128): Elaborating entity "serial_uart" for hierarchy "serial_uart:uart" File: C:/Users/nourn/OneDrive/Skrivbord/VHDL/lab5/top_level.vhd Line: 27
Info (12128): Elaborating entity "lab3" for hierarchy "lab3:heartbit" File: C:/Users/nourn/OneDrive/Skrivbord/VHDL/lab5/top_level.vhd Line: 52
Info (12128): Elaborating entity "display_ASCII_Number" for hierarchy "display_ASCII_Number:display" File: C:/Users/nourn/OneDrive/Skrivbord/VHDL/lab5/top_level.vhd Line: 60
Warning (13024): Output pins are stuck at VCC or GND
    Warning (13410): Pin "LEDR[2]" is stuck at GND File: C:/Users/nourn/OneDrive/Skrivbord/VHDL/lab5/top_level.vhd Line: 12
    Warning (13410): Pin "LEDR[3]" is stuck at GND File: C:/Users/nourn/OneDrive/Skrivbord/VHDL/lab5/top_level.vhd Line: 12
    Warning (13410): Pin "LEDR[4]" is stuck at GND File: C:/Users/nourn/OneDrive/Skrivbord/VHDL/lab5/top_level.vhd Line: 12
    Warning (13410): Pin "LEDR[5]" is stuck at GND File: C:/Users/nourn/OneDrive/Skrivbord/VHDL/lab5/top_level.vhd Line: 12
    Warning (13410): Pin "LEDR[6]" is stuck at GND File: C:/Users/nourn/OneDrive/Skrivbord/VHDL/lab5/top_level.vhd Line: 12
    Warning (13410): Pin "LEDR[7]" is stuck at GND File: C:/Users/nourn/OneDrive/Skrivbord/VHDL/lab5/top_level.vhd Line: 12
    Warning (13410): Pin "LEDR[8]" is stuck at GND File: C:/Users/nourn/OneDrive/Skrivbord/VHDL/lab5/top_level.vhd Line: 12
    Warning (13410): Pin "LEDR[9]" is stuck at GND File: C:/Users/nourn/OneDrive/Skrivbord/VHDL/lab5/top_level.vhd Line: 12
Info (286030): Timing-Driven Synthesis is running
Info (17049): 24 registers lost all their fanouts during netlist optimizations.
Info (16010): Generating hard_block partition "hard_block:auto_generated_inst"
    Info (16011): Adding 0 node(s), including 0 DDIO, 0 PLL, 0 transceiver and 0 LCELL
Info (21057): Implemented 96 device resources after synthesis - the final resource count might be different
    Info (21058): Implemented 3 input pins
    Info (21059): Implemented 17 output pins
    Info (21061): Implemented 76 logic cells
Info: Quartus Prime Analysis & Synthesis was successful. 0 errors, 10 warnings
    Info: Peak virtual memory: 4897 megabytes
    Info: Processing ended: Tue Feb 27 09:54:02 2024
    Info: Elapsed time: 00:00:07
    Info: Total CPU time (on all processors): 00:00:07


