Info: Start Nativelink Simulation process
executing command line: ip-make-simscript --nativelink-mode --output-directory=lab7_top_level_iputf_input --spd=C:/Users/nourn/OneDrive/Skrivbord/VHDL/lab7/cycloneV_pll.spd 

========= EDA Simulation Settings =====================

Sim Mode              :  RTL
Family                :  cyclonev
Quartus root          :  c:/intelfpga_lite/20.1/quartus/bin64/
Quartus sim root      :  c:/intelfpga_lite/20.1/quartus/eda/sim_lib
Simulation Tool       :  modelsim-altera
Simulation Language   :  vhdl
Version               :  93
Simulation Mode       :  GUI
Sim Output File       :  
Sim SDF file          :  
Sim dir               :  simulation\modelsim

=======================================================

Info: Starting NativeLink simulation with ModelSim-Altera software
Sourced NativeLink script c:/intelfpga_lite/20.1/quartus/common/tcl/internal/nativelink/modelsim.tcl
Warning: File lab7_top_level_run_msim_rtl_vhdl.do already exists - backing up current file as lab7_top_level_run_msim_rtl_vhdl.do.bak11
Info: Spawning ModelSim-Altera Simulation software 
Info: NativeLink simulation flow was successful
